<?xml version="1.0" encoding="UTF-8" ?>
<testsuite failures="0" time="16.911" errors="0" skipped="0" tests="42" name="org.openstack.client.keystone.KeyStoneAdminClientTest">
  <properties>
    <property name="java.runtime.name" value="Java(TM) SE Runtime Environment"/>
    <property name="sun.boot.library.path" value="/System/Library/Java/JavaVirtualMachines/1.6.0.jdk/Contents/Libraries"/>
    <property name="java.vm.version" value="17.1-b03-307"/>
    <property name="awt.nativeDoubleBuffering" value="true"/>
    <property name="gopherProxySet" value="false"/>
    <property name="mrj.build" value="10M3261"/>
    <property name="java.vm.vendor" value="Apple Inc."/>
    <property name="java.vendor.url" value="http://www.apple.com/"/>
    <property name="path.separator" value=":"/>
    <property name="java.vm.name" value="Java HotSpot(TM) 64-Bit Server VM"/>
    <property name="file.encoding.pkg" value="sun.io"/>
    <property name="user.country" value="US"/>
    <property name="sun.java.launcher" value="SUN_STANDARD"/>
    <property name="sun.os.patch.level" value="unknown"/>
    <property name="java.vm.specification.name" value="Java Virtual Machine Specification"/>
    <property name="user.dir" value="/Users/philliptoohill/openWorkSpace/java-keystone"/>
    <property name="java.runtime.version" value="1.6.0_22-b04-307-10M3261"/>
    <property name="java.awt.graphicsenv" value="apple.awt.CGraphicsEnvironment"/>
    <property name="basedir" value="/Users/philliptoohill/openWorkSpace/java-keystone"/>
    <property name="java.endorsed.dirs" value="/System/Library/Java/JavaVirtualMachines/1.6.0.jdk/Contents/Home/lib/endorsed"/>
    <property name="os.arch" value="x86_64"/>
    <property name="surefire.real.class.path" value="/var/folders/KK/KKfpny4-Ewmv+c-DL+DlMk+++TI/-Tmp-/surefirebooter4605728505583812524.jar"/>
    <property name="java.io.tmpdir" value="/var/folders/KK/KKfpny4-Ewmv+c-DL+DlMk+++TI/-Tmp-/"/>
    <property name="line.separator" value="
"/>
    <property name="java.vm.specification.vendor" value="Sun Microsystems Inc."/>
    <property name="os.name" value="Mac OS X"/>
    <property name="sun.jnu.encoding" value="MacRoman"/>
    <property name="java.library.path" value=".:/Library/Java/Extensions:/System/Library/Java/Extensions:/usr/lib/java"/>
    <property name="surefire.test.class.path" value="/Users/philliptoohill/openWorkSpace/java-keystone/target/test-classes:/Users/philliptoohill/openWorkSpace/java-keystone/target/classes:/Users/philliptoohill/.m2/repository/commons-logging/commons-logging/1.1.1/commons-logging-1.1.1.jar:/Users/philliptoohill/.m2/repository/com/sun/jersey/jersey-client/1.1.1-ea/jersey-client-1.1.1-ea.jar:/Users/philliptoohill/.m2/repository/com/sun/jersey/jersey-core/1.1.1-ea/jersey-core-1.1.1-ea.jar:/Users/philliptoohill/.m2/repository/javax/ws/rs/jsr311-api/1.1/jsr311-api-1.1.jar:/Users/philliptoohill/.m2/repository/junit/junit/4.8.2/junit-4.8.2.jar:/Users/philliptoohill/.m2/repository/com/sun/xml/bind/jaxb-impl/2.1.12/jaxb-impl-2.1.12.jar:/Users/philliptoohill/.m2/repository/javax/xml/bind/jaxb-api/2.1/jaxb-api-2.1.jar:/Users/philliptoohill/.m2/repository/javax/xml/stream/stax-api/1.0-2/stax-api-1.0-2.jar:/Users/philliptoohill/.m2/repository/javax/activation/activation/1.1/activation-1.1.jar:"/>
    <property name="java.specification.name" value="Java Platform API Specification"/>
    <property name="java.class.version" value="50.0"/>
    <property name="sun.management.compiler" value="HotSpot 64-Bit Server Compiler"/>
    <property name="os.version" value="10.6.6"/>
    <property name="http.nonProxyHosts" value="local|*.local|169.254/16|*.169.254/16"/>
    <property name="user.home" value="/Users/philliptoohill"/>
    <property name="user.timezone" value="America/Chicago"/>
    <property name="java.awt.printerjob" value="apple.awt.CPrinterJob"/>
    <property name="java.specification.version" value="1.6"/>
    <property name="file.encoding" value="MacRoman"/>
    <property name="user.name" value="philliptoohill"/>
    <property name="java.class.path" value="/Users/philliptoohill/openWorkSpace/java-keystone/target/test-classes:/Users/philliptoohill/openWorkSpace/java-keystone/target/classes:/Users/philliptoohill/.m2/repository/commons-logging/commons-logging/1.1.1/commons-logging-1.1.1.jar:/Users/philliptoohill/.m2/repository/com/sun/jersey/jersey-client/1.1.1-ea/jersey-client-1.1.1-ea.jar:/Users/philliptoohill/.m2/repository/com/sun/jersey/jersey-core/1.1.1-ea/jersey-core-1.1.1-ea.jar:/Users/philliptoohill/.m2/repository/javax/ws/rs/jsr311-api/1.1/jsr311-api-1.1.jar:/Users/philliptoohill/.m2/repository/junit/junit/4.8.2/junit-4.8.2.jar:/Users/philliptoohill/.m2/repository/com/sun/xml/bind/jaxb-impl/2.1.12/jaxb-impl-2.1.12.jar:/Users/philliptoohill/.m2/repository/javax/xml/bind/jaxb-api/2.1/jaxb-api-2.1.jar:/Users/philliptoohill/.m2/repository/javax/xml/stream/stax-api/1.0-2/stax-api-1.0-2.jar:/Users/philliptoohill/.m2/repository/javax/activation/activation/1.1/activation-1.1.jar:"/>
    <property name="java.vm.specification.version" value="1.0"/>
    <property name="sun.arch.data.model" value="64"/>
    <property name="java.home" value="/System/Library/Java/JavaVirtualMachines/1.6.0.jdk/Contents/Home"/>
    <property name="java.specification.vendor" value="Sun Microsystems Inc."/>
    <property name="user.language" value="en"/>
    <property name="awt.toolkit" value="apple.awt.CToolkit"/>
    <property name="java.vm.info" value="mixed mode"/>
    <property name="java.version" value="1.6.0_22"/>
    <property name="java.ext.dirs" value="/Library/Java/Extensions:/System/Library/Java/Extensions:/System/Library/Java/JavaVirtualMachines/1.6.0.jdk/Contents/Home/lib/ext"/>
    <property name="sun.boot.class.path" value="/System/Library/Java/JavaVirtualMachines/1.6.0.jdk/Contents/Classes/jsfd.jar:/System/Library/Java/JavaVirtualMachines/1.6.0.jdk/Contents/Classes/classes.jar:/System/Library/Frameworks/JavaVM.framework/Frameworks/JavaRuntimeSupport.framework/Resources/Java/JavaRuntimeSupport.jar:/System/Library/Java/JavaVirtualMachines/1.6.0.jdk/Contents/Classes/ui.jar:/System/Library/Java/JavaVirtualMachines/1.6.0.jdk/Contents/Classes/laf.jar:/System/Library/Java/JavaVirtualMachines/1.6.0.jdk/Contents/Classes/sunrsasign.jar:/System/Library/Java/JavaVirtualMachines/1.6.0.jdk/Contents/Classes/jsse.jar:/System/Library/Java/JavaVirtualMachines/1.6.0.jdk/Contents/Classes/jce.jar:/System/Library/Java/JavaVirtualMachines/1.6.0.jdk/Contents/Classes/charsets.jar"/>
    <property name="java.vendor" value="Apple Inc."/>
    <property name="localRepository" value="/Users/philliptoohill/.m2/repository"/>
    <property name="file.separator" value="/"/>
    <property name="java.vendor.url.bug" value="http://bugreport.apple.com/"/>
    <property name="sun.cpu.endian" value="little"/>
    <property name="sun.io.unicode.encoding" value="UnicodeLittle"/>
    <property name="mrj.version" value="1060.1.6.0_22-307"/>
    <property name="socksNonProxyHosts" value="local|*.local|169.254/16|*.169.254/16"/>
    <property name="ftp.nonProxyHosts" value="local|*.local|169.254/16|*.169.254/16"/>
    <property name="sun.cpu.isalist" value=""/>
  </properties>
  <testcase time="0.267" classname="org.openstack.client.keystone.KeyStoneAdminClientTest" name="shouldInstantiateClientWithBasicParams"/>
  <testcase time="0.217" classname="org.openstack.client.keystone.KeyStoneAdminClientTest" name="shouldInstantiateClientWithAdvancedParams"/>
  <testcase time="0.322" classname="org.openstack.client.keystone.KeyStoneAdminClientTest" name="validateTokenUsingMossoShouldSucceed"/>
  <testcase time="0.233" classname="org.openstack.client.keystone.KeyStoneAdminClientTest" name="validateTokenUsingCloudShouldSucceed"/>
  <testcase time="0.284" classname="org.openstack.client.keystone.KeyStoneAdminClientTest" name="validateTokenUsingNastShouldSucceed"/>
  <testcase time="0.221" classname="org.openstack.client.keystone.KeyStoneAdminClientTest" name="validateTokenShouldSucceedReturnProperTokenForCloud"/>
  <testcase time="0.219" classname="org.openstack.client.keystone.KeyStoneAdminClientTest" name="validateTokenShouldSucceedReturnProperTokenForMosso"/>
  <testcase time="0.248" classname="org.openstack.client.keystone.KeyStoneAdminClientTest" name="validateTokenShouldSucceedReturnProperTokenForNast"/>
  <testcase time="0.223" classname="org.openstack.client.keystone.KeyStoneAdminClientTest" name="validateTokenShouldSucceedReturnProperTokenExpirationForCloud"/>
  <testcase time="0.22" classname="org.openstack.client.keystone.KeyStoneAdminClientTest" name="validateTokenShouldSucceedReturnProperTokenExpirationForMosso"/>
  <testcase time="0.218" classname="org.openstack.client.keystone.KeyStoneAdminClientTest" name="validateTokenShouldSucceedReturnProperTokenExpirationForNast"/>
  <testcase time="0.25" classname="org.openstack.client.keystone.KeyStoneAdminClientTest" name="validateTokenShouldThrowExceptionWhenUnAuthorizedForCloud"/>
  <testcase time="0.275" classname="org.openstack.client.keystone.KeyStoneAdminClientTest" name="validateTokenShouldThrowExceptionWhenUnAuthorizedForMosso"/>
  <testcase time="0.269" classname="org.openstack.client.keystone.KeyStoneAdminClientTest" name="validateTokenShouldThrowExceptionWhenUnAuthorizedFornast"/>
  <testcase time="0.233" classname="org.openstack.client.keystone.KeyStoneAdminClientTest" name="validateTokenShouldThrowExceptionWhenTokenNullForCloud"/>
  <testcase time="0.215" classname="org.openstack.client.keystone.KeyStoneAdminClientTest" name="validateTokenShouldThrowExceptionWhenTokenNullForMosso"/>
  <testcase time="0.211" classname="org.openstack.client.keystone.KeyStoneAdminClientTest" name="validateTokenShouldThrowExceptionWhenTokenNullForNast"/>
  <testcase time="0.216" classname="org.openstack.client.keystone.KeyStoneAdminClientTest" name="getTokenShouldSucceedForCloud"/>
  <testcase time="0.217" classname="org.openstack.client.keystone.KeyStoneAdminClientTest" name="getTokenShouldSucceedForMosso"/>
  <testcase time="0.212" classname="org.openstack.client.keystone.KeyStoneAdminClientTest" name="getTokenShouldSucceedForNast"/>
  <testcase time="0.212" classname="org.openstack.client.keystone.KeyStoneAdminClientTest" name="getTokenShouldSucceedCompareTokenForCloud"/>
  <testcase time="0.217" classname="org.openstack.client.keystone.KeyStoneAdminClientTest" name="getTokenShouldSucceedCompareTokenForMosso"/>
  <testcase time="0.216" classname="org.openstack.client.keystone.KeyStoneAdminClientTest" name="getTokenShouldSucceedCompareTokenForNast"/>
  <testcase time="0.214" classname="org.openstack.client.keystone.KeyStoneAdminClientTest" name="getTokenShouldThrowExceptionWhenUnAuthorized"/>
  <testcase time="0.133" classname="org.openstack.client.keystone.KeyStoneAdminClientTest" name="getTokenShouldThrowExceptionWhenTokenNull"/>
  <testcase time="0.21" classname="org.openstack.client.keystone.KeyStoneAdminClientTest" name="listUserShouldSucceedForCloud"/>
  <testcase time="0.367" classname="org.openstack.client.keystone.KeyStoneAdminClientTest" name="listUserShouldSucceedForMosso"/>
  <testcase time="0.363" classname="org.openstack.client.keystone.KeyStoneAdminClientTest" name="listUserShouldSucceedForNast"/>
  <testcase time="0.22" classname="org.openstack.client.keystone.KeyStoneAdminClientTest" name="listUserShouldSucceedCompareNameForCloud"/>
  <testcase time="0.212" classname="org.openstack.client.keystone.KeyStoneAdminClientTest" name="listUserShouldReturnValidKeyForcloud"/>
  <testcase time="0.212" classname="org.openstack.client.keystone.KeyStoneAdminClientTest" name="listUserShouldThrowFaultIfInvalidUserForCloud"/>
  <testcase time="0.322" classname="org.openstack.client.keystone.KeyStoneAdminClientTest" name="listUserShouldSucceedCompareNameForMosso"/>
  <testcase time="0.366" classname="org.openstack.client.keystone.KeyStoneAdminClientTest" name="listUserShouldReturnValidKeyForMosso"/>
  <testcase time="0.257" classname="org.openstack.client.keystone.KeyStoneAdminClientTest" name="listUserShouldThrowFaultIfInvalidUserForMosso"/>
  <testcase time="0.361" classname="org.openstack.client.keystone.KeyStoneAdminClientTest" name="listUserShouldSucceedCompareNameForNast"/>
  <testcase time="0.327" classname="org.openstack.client.keystone.KeyStoneAdminClientTest" name="listUserShouldReturnValidKeyForNast"/>
  <testcase time="0.264" classname="org.openstack.client.keystone.KeyStoneAdminClientTest" name="listUserShouldThrowFaultIfInvalidUserForNast"/>
  <testcase time="0.225" classname="org.openstack.client.keystone.KeyStoneAdminClientTest" name="getUserKeyShouldReturnValidKey"/>
  <testcase time="0.227" classname="org.openstack.client.keystone.KeyStoneAdminClientTest" name="getUserKeyShouldFailForUnknownUser"/>
  <testcase time="1.03" classname="org.openstack.client.keystone.KeyStoneAdminClientTest" name="createUserShouldSucceed"/>
  <testcase time="2.405" classname="org.openstack.client.keystone.KeyStoneAdminClientTest" name="setUserKeyShouldSucceed"/>
  <testcase time="0.468" classname="org.openstack.client.keystone.KeyStoneAdminClientTest" name="deleteUserShouldSucceed"/>
</testsuite>